<?xml version="1.0" encoding="UTF-8"?>
<!-- Generated by org.testng.reporters.JUnitReportReporter -->
<testsuite hostname="Nareshchary-PC" name="com.crm.test.LoginPageTest" tests="1" failures="0" timestamp="20 Feb 2019 16:45:56 GMT" time="18.767" errors="0">
  <testcase name="VerifyLoginTest" time="18.767" classname="com.crm.test.LoginPageTest"/>
</testsuite> <!-- com.crm.test.LoginPageTest -->
